Arguments: 
  D:\编程\node.js\node.exe D:\编程\node.js\node_modules\yarn\bin\yarn.js add expo-camera

PATH: 
  D:\VmVare\bin\;C:\Program Files (x86)\Common Files\Oracle\Java\javapath;D:\python\Scripts\;D:\python\;C:\Windows;C:\Windows\System32\Wbem;C:\Windows\System32\WindowsPowerShell\v1.0\;C:\Windows\System32\OpenSSH\;D:\编程\node.js\;D;\微信web开发者工具\dll;D:\Git\cmd;D:\nvm\nvm;D:\nvm;D:\WeChatCodeerTool\dll;C:\Windows\system32;C:\Windows\System32;C:\Users\30417\AppData\Local\Android\Sdk\platform-tools;C:\Users\30417\AppData\Local\Android\Sdk\emulator;C:\Users\30417\AppData\Local\Android\Sdk\tools;C:\Users\30417\AppData\Local\Android\Sdk\tools\bin;D:\java\jdk\bin;C:\Users\30417\AppData\Local\Microsoft\WindowsApps;D:\PyCharm 2021.3.2\bin;;D:\my_app\PyCharm Community Edition 2022.1.2\bin;;D:\my_app\Microsoft VS Code\bin;C:\MinGW\bin;C:\Users\30417\AppData\Roaming\npm;D:\nvm\nvm;D:\nvm;C:\Users\30417\Desktop\mingw64\bin;D:\code_app\CLion 2022.3.1\bin;;D:\webstorm\WebStorm 2022.3.1\bin;;D:\yonyou\APICloud Studio 3\bin;D:\yonyou\YonStudio\bin;D:\quartus\modelsim_ase\win32aloem;D:\java\jdk\bin;D:\java\jdk\jre\bin;C:\Users\30417\AppData\Local\Android\Sdk\platform-tools;

Yarn version: 
  1.22.19

Node version: 
  16.15.0

Platform: 
  win32 x64

Trace: 
  Error: connect ETIMEDOUT 104.16.27.35:443
      at TCPConnectWrap.afterConnect [as oncomplete] (node:net:1187:16)

npm manifest: 
  {
    "name": "schoolrunning",
    "version": "1.0.0",
    "main": "index.js",
    "scripts": {
      "start": "expo start",
      "android": "expo start --android",
      "ios": "expo start --ios",
      "web": "expo start --web"
    },
    "dependencies": {
      "@expo/webpack-config": "^18.0.1",
      "@react-navigation/bottom-tabs": "^6.5.7",
      "@react-navigation/native": "^6.1.6",
      "@react-navigation/native-stack": "^6.9.12",
      "@reduxjs/toolkit": "^1.9.5",
      "axios": "^1.4.0",
      "expo": "~48.0.15",
      "expo-asset": "~8.9.1",
      "expo-file-system": "~15.2.2",
      "expo-status-bar": "~1.4.4",
      "ml5": "^0.12.2",
      "react": "18.2.0",
      "react-dom": "18.2.0",
      "react-native": "0.71.7",
      "react-native-safe-area-context": "4.5.0",
      "react-native-screens": "~3.20.0",
      "react-native-swiper": "^1.6.0-nightly.5",
      "react-native-web": "~0.18.10",
      "react-native-webview": "11.26.0",
      "react-redux": "^8.0.5",
      "recyclerlistview": "^4.2.0",
      "expo-camera": "~13.2.1"
    },
    "devDependencies": {
      "@babel/core": "^7.20.0"
    },
    "private": true
  }

yarn manifest: 
  No manifest

Lockfile: 
  No lockfile
